20:31:07.775 skipping bootstrap configuration: could not find or read file: classpath:karate-config.js
20:31:09.310 request:
1 > GET https://gorest.co.in/public/v1/users/30
1 > Accept-Encoding: gzip,deflate
1 > Connection: Keep-Alive
1 > Host: gorest.co.in
1 > User-Agent: Apache-HttpClient/4.5.12 (Java/1.8.0_291)

20:31:10.174 response time in milliseconds: 863.97
1 < 200
1 < Cache-Control: max-age=0, private, must-revalidate
1 < Connection: keep-alive
1 < Content-Type: application/json; charset=utf-8
1 < Date: Fri, 24 Jun 2022 15:01:09 GMT
1 < ETag: W/"a5045ca5101d5671e0c05c4e8033a554"
1 < Referrer-Policy: strict-origin-when-cross-origin
1 < Server: nginx
1 < Strict-Transport-Security: max-age=63072000; includeSubDomains
1 < Transfer-Encoding: chunked
1 < Vary: [Accept-Encoding, Origin]
1 < X-Content-Type-Options: nosniff
1 < X-Download-Options: noopen
1 < X-Frame-Options: SAMEORIGIN
1 < X-Permitted-Cross-Domain-Policies: none
1 < X-Request-Id: 0a78e78b-946a-4d6a-9761-74de5662d1ca
1 < X-Runtime: 0.003465
1 < X-XSS-Protection: 0
{"meta":null,"data":{"id":30,"name":"Girik Banerjee CPA","email":"cpa_girik_banerjee@west-murray.biz","gender":"female","status":"inactive"}}

20:31:10.205 [print] {
  "data": {
    "gender": "female",
    "name": "Girik Banerjee CPA",
    "id": 30,
    "email": "cpa_girik_banerjee@west-murray.biz",
    "status": "inactive"
  },
  "meta": null
}

20:31:10.221 [print] Girik Banerjee CPA

ation: could not find or read file: classpath:karate-config.js
20:27:12.171 request:
1 > GET https://gorest.co.in/public/v1/users/9999
1 > Accept-Encoding: gzip,deflate
1 > Connection: Keep-Alive
1 > Host: gorest.co.in
1 > User-Agent: Apache-HttpClient/4.5.12 (Java/1.8.0_291)

20:27:12.624 response time in milliseconds: 450.22
1 < 404
1 < Cache-Control: no-cache
1 < Connection: keep-alive
1 < Content-Type: application/json; charset=utf-8
1 < Date: Fri, 24 Jun 2022 14:57:12 GMT
1 < Referrer-Policy: strict-origin-when-cross-origin
1 < Server: nginx
1 < Strict-Transport-Security: max-age=63072000; includeSubDomains
1 < Transfer-Encoding: chunked
1 < Vary: [Accept-Encoding, Origin]
1 < X-Content-Type-Options: nosniff
1 < X-Download-Options: noopen
1 < X-Frame-Options: SAMEORIGIN
1 < X-Permitted-Cross-Domain-Policies: none
1 < X-Request-Id: d3032776-3816-4b9c-a785-67fbb5dabea7
1 < X-Runtime: 0.003121
1 < X-XSS-Protection: 0
{"meta":null,"data":{"message":"Resource not found"}}

20:27:12.625 [print] {
  "data": {
    "message": "Resource not found"
  },
  "meta": null
}

